<?xml version="1.0" encoding="UTF-8"?>
<!-- Generated by org.testng.reporters.JUnitReportReporter -->
<testsuite hostname="Bhoomzz" failures="0" tests="5" name="tests.LoginTest" time="35.871" errors="0" timestamp="2025-12-23T19:45:04 IST" skipped="0">
  <testcase classname="tests.LoginTest" name="loginWvalidcredential" time="6.831"/>
  <testcase classname="tests.LoginTest" name="incrtpassword" time="6.897"/>
  <testcase classname="tests.LoginTest" name="emtyfield" time="6.701"/>
  <testcase classname="tests.LoginTest" name="invalidemailformat" time="7.610"/>
  <testcase classname="tests.LoginTest" name="maskinput" time="7.832"/>
</testsuite> <!-- tests.LoginTest -->
