<?xml version="1.0" encoding="UTF-8"?>
<!-- Generated by org.testng.reporters.JUnitReportReporter -->
<testsuite hostname="Bhoomzz" failures="0" tests="3" name="tests.BrowserAndNavigationTest" time="71.036" errors="0" timestamp="2025-12-23T19:45:04 IST" skipped="0">
  <testcase classname="tests.BrowserAndNavigationTest" name="Relatedcategory" time="58.781"/>
  <testcase classname="tests.BrowserAndNavigationTest" name="Homenavigation" time="4.049"/>
  <testcase classname="tests.BrowserAndNavigationTest" name="navbarlink" time="8.206"/>
</testsuite> <!-- tests.BrowserAndNavigationTest -->
