<?xml version="1.0" encoding="UTF-8"?>
<!-- Generated by org.testng.reporters.JUnitReportReporter -->
<testsuite hostname="Bhoomzz" failures="0" tests="3" name="tests.SignupTest" time="37.677" errors="0" timestamp="2025-12-23T19:45:04 IST" skipped="0">
  <testcase classname="tests.SignupTest" name="uniquecredit" time="12.127"/>
  <testcase classname="tests.SignupTest" name="existuser" time="13.469"/>
  <testcase classname="tests.SignupTest" name="emptyfield" time="12.081"/>
</testsuite> <!-- tests.SignupTest -->
