<?xml version="1.0" encoding="UTF-8"?>
<testng-results ignored="0" total="25" passed="18" failed="6" skipped="1">
  <reporter-output>
  </reporter-output>
  <suite started-at="2025-12-23T19:32:17 IST" name="Suite" finished-at="2025-12-23T19:45:04 IST" duration-ms="766252">
    <groups>
    </groups>
    <test started-at="2025-12-23T19:32:17 IST" name="Test" finished-at="2025-12-23T19:45:04 IST" duration-ms="766252">
      <class name="tests.LoginTest">
        <test-method is-config="true" signature="browserlaunch(java.lang.reflect.Method)[pri:0, instance:tests.LoginTest@2e2ff723]" started-at="2025-12-23T19:32:55 IST" name="browserlaunch" finished-at="2025-12-23T19:32:58 IST" duration-ms="2715" status="PASS">
          <params>
            <param index="0">
              <value>
                <![CDATA[public void tests.LoginTest.loginWvalidcredential()]]>
              </value>
            </param>
          </params>
          <reporter-output>
          </reporter-output>
        </test-method> <!-- browserlaunch -->
        <test-method signature="loginWvalidcredential()[pri:1, instance:tests.LoginTest@2e2ff723]" started-at="2025-12-23T19:32:58 IST" name="loginWvalidcredential" finished-at="2025-12-23T19:33:02 IST" duration-ms="3807" status="PASS">
          <reporter-output>
          </reporter-output>
        </test-method> <!-- loginWvalidcredential -->
        <test-method is-config="true" signature="closebrowser()[pri:0, instance:tests.LoginTest@2e2ff723]" started-at="2025-12-23T19:33:02 IST" name="closebrowser" finished-at="2025-12-23T19:33:02 IST" duration-ms="332" status="PASS">
          <reporter-output>
          </reporter-output>
        </test-method> <!-- closebrowser -->
        <test-method is-config="true" signature="browserlaunch(java.lang.reflect.Method)[pri:0, instance:tests.LoginTest@2e2ff723]" started-at="2025-12-23T19:33:02 IST" name="browserlaunch" finished-at="2025-12-23T19:33:04 IST" duration-ms="2485" status="PASS">
          <params>
            <param index="0">
              <value>
                <![CDATA[public void tests.LoginTest.incrtpassword()]]>
              </value>
            </param>
          </params>
          <reporter-output>
          </reporter-output>
        </test-method> <!-- browserlaunch -->
        <test-method signature="incrtpassword()[pri:2, instance:tests.LoginTest@2e2ff723]" started-at="2025-12-23T19:33:04 IST" name="incrtpassword" finished-at="2025-12-23T19:33:08 IST" duration-ms="3901" status="PASS">
          <reporter-output>
          </reporter-output>
        </test-method> <!-- incrtpassword -->
        <test-method is-config="true" signature="closebrowser()[pri:0, instance:tests.LoginTest@2e2ff723]" started-at="2025-12-23T19:33:08 IST" name="closebrowser" finished-at="2025-12-23T19:33:09 IST" duration-ms="472" status="PASS">
          <reporter-output>
          </reporter-output>
        </test-method> <!-- closebrowser -->
        <test-method is-config="true" signature="browserlaunch(java.lang.reflect.Method)[pri:0, instance:tests.LoginTest@2e2ff723]" started-at="2025-12-23T19:33:09 IST" name="browserlaunch" finished-at="2025-12-23T19:33:11 IST" duration-ms="2552" status="PASS">
          <params>
            <param index="0">
              <value>
                <![CDATA[public void tests.LoginTest.emtyfield()]]>
              </value>
            </param>
          </params>
          <reporter-output>
          </reporter-output>
        </test-method> <!-- browserlaunch -->
        <test-method signature="emtyfield()[pri:3, instance:tests.LoginTest@2e2ff723]" started-at="2025-12-23T19:33:11 IST" name="emtyfield" finished-at="2025-12-23T19:33:15 IST" duration-ms="3785" status="PASS">
          <reporter-output>
          </reporter-output>
        </test-method> <!-- emtyfield -->
        <test-method is-config="true" signature="closebrowser()[pri:0, instance:tests.LoginTest@2e2ff723]" started-at="2025-12-23T19:33:15 IST" name="closebrowser" finished-at="2025-12-23T19:33:15 IST" duration-ms="281" status="PASS">
          <reporter-output>
          </reporter-output>
        </test-method> <!-- closebrowser -->
        <test-method is-config="true" signature="browserlaunch(java.lang.reflect.Method)[pri:0, instance:tests.LoginTest@2e2ff723]" started-at="2025-12-23T19:33:15 IST" name="browserlaunch" finished-at="2025-12-23T19:33:19 IST" duration-ms="3347" status="PASS">
          <params>
            <param index="0">
              <value>
                <![CDATA[public void tests.LoginTest.invalidemailformat()]]>
              </value>
            </param>
          </params>
          <reporter-output>
          </reporter-output>
        </test-method> <!-- browserlaunch -->
        <test-method signature="invalidemailformat()[pri:4, instance:tests.LoginTest@2e2ff723]" started-at="2025-12-23T19:33:19 IST" name="invalidemailformat" finished-at="2025-12-23T19:33:23 IST" duration-ms="4034" status="PASS">
          <reporter-output>
          </reporter-output>
        </test-method> <!-- invalidemailformat -->
        <test-method is-config="true" signature="closebrowser()[pri:0, instance:tests.LoginTest@2e2ff723]" started-at="2025-12-23T19:33:23 IST" name="closebrowser" finished-at="2025-12-23T19:33:23 IST" duration-ms="431" status="PASS">
          <reporter-output>
          </reporter-output>
        </test-method> <!-- closebrowser -->
        <test-method is-config="true" signature="browserlaunch(java.lang.reflect.Method)[pri:0, instance:tests.LoginTest@2e2ff723]" started-at="2025-12-23T19:33:23 IST" name="browserlaunch" finished-at="2025-12-23T19:33:27 IST" duration-ms="3622" status="PASS">
          <params>
            <param index="0">
              <value>
                <![CDATA[public void tests.LoginTest.maskinput()]]>
              </value>
            </param>
          </params>
          <reporter-output>
          </reporter-output>
        </test-method> <!-- browserlaunch -->
        <test-method signature="maskinput()[pri:5, instance:tests.LoginTest@2e2ff723]" started-at="2025-12-23T19:33:27 IST" name="maskinput" finished-at="2025-12-23T19:33:31 IST" duration-ms="3878" status="PASS">
          <reporter-output>
          </reporter-output>
        </test-method> <!-- maskinput -->
        <test-method is-config="true" signature="closebrowser()[pri:0, instance:tests.LoginTest@2e2ff723]" started-at="2025-12-23T19:33:31 IST" name="closebrowser" finished-at="2025-12-23T19:33:31 IST" duration-ms="229" status="PASS">
          <reporter-output>
          </reporter-output>
        </test-method> <!-- closebrowser -->
      </class> <!-- tests.LoginTest -->
      <class name="tests.OrderTest">
        <test-method is-config="true" signature="browserlaunch(java.lang.reflect.Method)[pri:0, instance:tests.OrderTest@7502291e]" started-at="2025-12-23T19:34:23 IST" name="browserlaunch" finished-at="2025-12-23T19:34:26 IST" duration-ms="3665" status="PASS">
          <params>
            <param index="0">
              <value>
                <![CDATA[public void tests.OrderTest.loginWvalidcredential()]]>
              </value>
            </param>
          </params>
          <reporter-output>
          </reporter-output>
        </test-method> <!-- browserlaunch -->
        <test-method signature="loginWvalidcredential()[pri:1, instance:tests.OrderTest@7502291e]" started-at="2025-12-23T19:34:26 IST" name="loginWvalidcredential" finished-at="2025-12-23T19:34:27 IST" duration-ms="784" status="PASS">
          <reporter-output>
          </reporter-output>
        </test-method> <!-- loginWvalidcredential -->
        <test-method is-config="true" signature="closebrowser()[pri:0, instance:tests.OrderTest@7502291e]" started-at="2025-12-23T19:34:27 IST" name="closebrowser" finished-at="2025-12-23T19:34:28 IST" duration-ms="335" status="PASS">
          <reporter-output>
          </reporter-output>
        </test-method> <!-- closebrowser -->
        <test-method is-config="true" signature="browserlaunch(java.lang.reflect.Method)[pri:0, instance:tests.OrderTest@7502291e]" started-at="2025-12-23T19:34:28 IST" name="browserlaunch" finished-at="2025-12-23T19:34:30 IST" duration-ms="2898" status="PASS">
          <params>
            <param index="0">
              <value>
                <![CDATA[public void tests.OrderTest.Addproducttocart() throws java.lang.InterruptedException]]>
              </value>
            </param>
          </params>
          <reporter-output>
          </reporter-output>
        </test-method> <!-- browserlaunch -->
        <test-method signature="Addproducttocart()[pri:2, instance:tests.OrderTest@7502291e]" started-at="2025-12-23T19:34:30 IST" name="Addproducttocart" finished-at="2025-12-23T19:34:40 IST" depends-on-methods="tests.OrderTest.loginWvalidcredential" duration-ms="9822" status="PASS">
          <reporter-output>
          </reporter-output>
        </test-method> <!-- Addproducttocart -->
        <test-method is-config="true" signature="closebrowser()[pri:0, instance:tests.OrderTest@7502291e]" started-at="2025-12-23T19:34:40 IST" name="closebrowser" finished-at="2025-12-23T19:34:41 IST" duration-ms="501" status="PASS">
          <reporter-output>
          </reporter-output>
        </test-method> <!-- closebrowser -->
        <test-method is-config="true" signature="browserlaunch(java.lang.reflect.Method)[pri:0, instance:tests.OrderTest@7502291e]" started-at="2025-12-23T19:34:41 IST" name="browserlaunch" finished-at="2025-12-23T19:34:44 IST" duration-ms="2967" status="PASS">
          <params>
            <param index="0">
              <value>
                <![CDATA[public void tests.OrderTest.purchasewithvaliddetails() throws java.lang.InterruptedException]]>
              </value>
            </param>
          </params>
          <reporter-output>
          </reporter-output>
        </test-method> <!-- browserlaunch -->
        <test-method signature="purchasewithvaliddetails()[pri:3, instance:tests.OrderTest@7502291e]" started-at="2025-12-23T19:34:44 IST" name="purchasewithvaliddetails" finished-at="2025-12-23T19:34:50 IST" depends-on-methods="tests.OrderTest.Addproducttocart" duration-ms="6442" status="FAIL">
          <exception class="org.openqa.selenium.NoAlertPresentException">
            <message>
              <![CDATA[no such alert
  (Session info: chrome=143.0.7499.41)
Build info: version: '4.37.0', revision: '3c1da1e342'
System info: os.name: 'Windows 11', os.arch: 'amd64', os.version: '10.0', java.version: '23'
Driver info: org.openqa.selenium.chrome.ChromeDriver
Command: [3a9d0b42ba96ff8e58591d9ea45d8615, getAlertText {}]
Capabilities {acceptInsecureCerts: false, browserName: chrome, browserVersion: 143.0.7499.41, chrome: {chromedriverVersion: 143.0.7499.169 (164b20aab62..., userDataDir: C:\Users\Bhoomika\AppData\L...}, fedcm:accounts: true, goog:chromeOptions: {debuggerAddress: localhost:49950}, goog:processID: 37048, networkConnectionEnabled: false, pageLoadStrategy: normal, platformName: windows, proxy: Proxy(), se:cdp: ws://localhost:49950/devtoo..., se:cdpVersion: 143.0.7499.41, setWindowRect: true, strictFileInteractability: false, timeouts: {implicit: 0, pageLoad: 300000, script: 30000}, unhandledPromptBehavior: dismiss and notify, webauthn:extension:credBlob: true, webauthn:extension:largeBlob: true, webauthn:extension:minPinLength: true, webauthn:extension:prf: true, webauthn:virtualAuthenticators: true}
Session ID: 3a9d0b42ba96ff8e58591d9ea45d8615]]>
            </message>
            <full-stacktrace>
              <![CDATA[org.openqa.selenium.NoAlertPresentException: no such alert
  (Session info: chrome=143.0.7499.41)
Build info: version: '4.37.0', revision: '3c1da1e342'
System info: os.name: 'Windows 11', os.arch: 'amd64', os.version: '10.0', java.version: '23'
Driver info: org.openqa.selenium.chrome.ChromeDriver
Command: [3a9d0b42ba96ff8e58591d9ea45d8615, getAlertText {}]
Capabilities {acceptInsecureCerts: false, browserName: chrome, browserVersion: 143.0.7499.41, chrome: {chromedriverVersion: 143.0.7499.169 (164b20aab62..., userDataDir: C:\Users\Bhoomika\AppData\L...}, fedcm:accounts: true, goog:chromeOptions: {debuggerAddress: localhost:49950}, goog:processID: 37048, networkConnectionEnabled: false, pageLoadStrategy: normal, platformName: windows, proxy: Proxy(), se:cdp: ws://localhost:49950/devtoo..., se:cdpVersion: 143.0.7499.41, setWindowRect: true, strictFileInteractability: false, timeouts: {implicit: 0, pageLoad: 300000, script: 30000}, unhandledPromptBehavior: dismiss and notify, webauthn:extension:credBlob: true, webauthn:extension:largeBlob: true, webauthn:extension:minPinLength: true, webauthn:extension:prf: true, webauthn:virtualAuthenticators: true}
Session ID: 3a9d0b42ba96ff8e58591d9ea45d8615
at java.base/jdk.internal.reflect.DirectConstructorHandleAccessor.newInstance(DirectConstructorHandleAccessor.java:62)
at java.base/java.lang.reflect.Constructor.newInstanceWithCaller(Constructor.java:501)
at java.base/java.lang.reflect.Constructor.newInstance(Constructor.java:485)
at org.openqa.selenium.remote.ErrorCodec.decode(ErrorCodec.java:167)
at org.openqa.selenium.remote.codec.w3c.W3CHttpResponseCodec.decode(W3CHttpResponseCodec.java:138)
at org.openqa.selenium.remote.codec.w3c.W3CHttpResponseCodec.decode(W3CHttpResponseCodec.java:50)
at org.openqa.selenium.remote.HttpCommandExecutor.execute(HttpCommandExecutor.java:215)
at org.openqa.selenium.remote.service.DriverCommandExecutor.invokeExecute(DriverCommandExecutor.java:216)
at org.openqa.selenium.remote.service.DriverCommandExecutor.execute(DriverCommandExecutor.java:174)
at org.openqa.selenium.remote.RemoteWebDriver.execute(RemoteWebDriver.java:557)
at org.openqa.selenium.remote.RemoteWebDriver.execute(RemoteWebDriver.java:634)
at org.openqa.selenium.remote.RemoteWebDriver.execute(RemoteWebDriver.java:638)
at org.openqa.selenium.remote.RemoteWebDriver$RemoteTargetLocator.alert(RemoteWebDriver.java:1197)
at tests.OrderTest.purchasewithvaliddetails(OrderTest.java:102)
at java.base/jdk.internal.reflect.DirectMethodHandleAccessor.invoke(DirectMethodHandleAccessor.java:103)
at java.base/java.lang.reflect.Method.invoke(Method.java:580)
at org.testng.internal.invokers.MethodInvocationHelper.invokeMethod(MethodInvocationHelper.java:141)
at org.testng.internal.invokers.TestInvoker.invokeMethod(TestInvoker.java:687)
at org.testng.internal.invokers.TestInvoker.invokeTestMethod(TestInvoker.java:230)
at org.testng.internal.invokers.MethodRunner.runInSequence(MethodRunner.java:63)
at org.testng.internal.invokers.TestInvoker$MethodInvocationAgent.invoke(TestInvoker.java:995)
at org.testng.internal.invokers.TestInvoker.invokeTestMethods(TestInvoker.java:203)
at org.testng.internal.invokers.TestMethodWorker.invokeTestMethods(TestMethodWorker.java:154)
at org.testng.internal.invokers.TestMethodWorker.run(TestMethodWorker.java:134)
at java.base/java.util.ArrayList.forEach(ArrayList.java:1597)
at org.testng.TestRunner.privateRun(TestRunner.java:741)
at org.testng.TestRunner.run(TestRunner.java:616)
at org.testng.SuiteRunner.runTest(SuiteRunner.java:421)
at org.testng.SuiteRunner.runSequentially(SuiteRunner.java:413)
at org.testng.SuiteRunner.privateRun(SuiteRunner.java:373)
at org.testng.SuiteRunner.run(SuiteRunner.java:312)
at org.testng.SuiteRunnerWorker.runSuite(SuiteRunnerWorker.java:52)
at org.testng.SuiteRunnerWorker.run(SuiteRunnerWorker.java:95)
at org.testng.TestNG.runSuitesSequentially(TestNG.java:1274)
at org.testng.TestNG.runSuitesLocally(TestNG.java:1208)
at org.testng.TestNG.runSuites(TestNG.java:1112)
at org.testng.TestNG.run(TestNG.java:1079)
at org.testng.remote.AbstractRemoteTestNG.run(AbstractRemoteTestNG.java:115)
at org.testng.remote.RemoteTestNG.initAndRun(RemoteTestNG.java:293)
at org.testng.remote.RemoteTestNG.main(RemoteTestNG.java:91)
]]>
            </full-stacktrace>
          </exception> <!-- org.openqa.selenium.NoAlertPresentException -->
          <reporter-output>
          </reporter-output>
        </test-method> <!-- purchasewithvaliddetails -->
        <test-method is-config="true" signature="closebrowser()[pri:0, instance:tests.OrderTest@7502291e]" started-at="2025-12-23T19:34:50 IST" name="closebrowser" finished-at="2025-12-23T19:34:51 IST" duration-ms="525" status="PASS">
          <reporter-output>
          </reporter-output>
        </test-method> <!-- closebrowser -->
        <test-method signature="emptyfields()[pri:4, instance:tests.OrderTest@7502291e]" started-at="2025-12-23T19:34:51 IST" name="emptyfields" finished-at="2025-12-23T19:34:51 IST" depends-on-methods="tests.OrderTest.purchasewithvaliddetails" duration-ms="0" status="SKIP">
          <exception class="java.lang.Throwable">
            <message>
              <![CDATA[Method tests.OrderTest.emptyfields() on instance tests.OrderTest@7502291e depends on not successfully finished methods 
[tests.OrderTest.purchasewithvaliddetails() on instance tests.OrderTest@7502291e]]]>
            </message>
            <full-stacktrace>
              <![CDATA[java.lang.Throwable: Method tests.OrderTest.emptyfields() on instance tests.OrderTest@7502291e depends on not successfully finished methods 
[tests.OrderTest.purchasewithvaliddetails() on instance tests.OrderTest@7502291e]
at org.testng.internal.invokers.TestInvoker.invokeTestMethods(TestInvoker.java:159)
at org.testng.internal.invokers.TestMethodWorker.invokeTestMethods(TestMethodWorker.java:154)
at org.testng.internal.invokers.TestMethodWorker.run(TestMethodWorker.java:134)
at java.base/java.util.ArrayList.forEach(ArrayList.java:1597)
at org.testng.TestRunner.privateRun(TestRunner.java:741)
at org.testng.TestRunner.run(TestRunner.java:616)
at org.testng.SuiteRunner.runTest(SuiteRunner.java:421)
at org.testng.SuiteRunner.runSequentially(SuiteRunner.java:413)
at org.testng.SuiteRunner.privateRun(SuiteRunner.java:373)
at org.testng.SuiteRunner.run(SuiteRunner.java:312)
at org.testng.SuiteRunnerWorker.runSuite(SuiteRunnerWorker.java:52)
at org.testng.SuiteRunnerWorker.run(SuiteRunnerWorker.java:95)
at org.testng.TestNG.runSuitesSequentially(TestNG.java:1274)
at org.testng.TestNG.runSuitesLocally(TestNG.java:1208)
at org.testng.TestNG.runSuites(TestNG.java:1112)
at org.testng.TestNG.run(TestNG.java:1079)
at org.testng.remote.AbstractRemoteTestNG.run(AbstractRemoteTestNG.java:115)
at org.testng.remote.RemoteTestNG.initAndRun(RemoteTestNG.java:293)
at org.testng.remote.RemoteTestNG.main(RemoteTestNG.java:91)
]]>
            </full-stacktrace>
          </exception> <!-- java.lang.Throwable -->
          <reporter-output>
          </reporter-output>
        </test-method> <!-- emptyfields -->
        <test-method is-config="true" signature="browserlaunch(java.lang.reflect.Method)[pri:0, instance:tests.OrderTest@7502291e]" started-at="2025-12-23T19:34:51 IST" name="browserlaunch" finished-at="2025-12-23T19:34:55 IST" duration-ms="3848" status="PASS">
          <params>
            <param index="0">
              <value>
                <![CDATA[public void tests.OrderTest.confirm() throws java.lang.InterruptedException]]>
              </value>
            </param>
          </params>
          <reporter-output>
          </reporter-output>
        </test-method> <!-- browserlaunch -->
        <test-method signature="confirm()[pri:5, instance:tests.OrderTest@7502291e]" started-at="2025-12-23T19:34:55 IST" name="confirm" finished-at="2025-12-23T19:34:57 IST" depends-on-methods="tests.OrderTest.Addproducttocart" duration-ms="2387" status="FAIL">
          <exception class="org.openqa.selenium.ElementClickInterceptedException">
            <message>
              <![CDATA[element click intercepted: Element <button type="button" class="btn btn-success" data-toggle="modal" data-target="#orderModal">...</button> is not clickable at point (922, 151). Other element would receive the click: <div class="modal fade show" id="orderModal" tabindex="-1" role="dialog" aria-labelledby="orderModalLabel" style="display: block;">...</div>
  (Session info: chrome=143.0.7499.41)
Build info: version: '4.37.0', revision: '3c1da1e342'
System info: os.name: 'Windows 11', os.arch: 'amd64', os.version: '10.0', java.version: '23'
Driver info: org.openqa.selenium.chrome.ChromeDriver
Command: [24593bdd9da208bbd883547e70bddd1b, clickElement {id=f.261D3D2A676B6BF77B6059A1FD8B6267.d.7D89538844E75C65F9B731B740BC870D.e.63}]
Capabilities {acceptInsecureCerts: false, browserName: chrome, browserVersion: 143.0.7499.41, chrome: {chromedriverVersion: 143.0.7499.169 (164b20aab62..., userDataDir: C:\Users\Bhoomika\AppData\L...}, fedcm:accounts: true, goog:chromeOptions: {debuggerAddress: localhost:53871}, goog:processID: 15388, networkConnectionEnabled: false, pageLoadStrategy: normal, platformName: windows, proxy: Proxy(), se:cdp: ws://localhost:53871/devtoo..., se:cdpVersion: 143.0.7499.41, setWindowRect: true, strictFileInteractability: false, timeouts: {implicit: 0, pageLoad: 300000, script: 30000}, unhandledPromptBehavior: dismiss and notify, webauthn:extension:credBlob: true, webauthn:extension:largeBlob: true, webauthn:extension:minPinLength: true, webauthn:extension:prf: true, webauthn:virtualAuthenticators: true}
Element: [[ChromeDriver: chrome on windows (24593bdd9da208bbd883547e70bddd1b)] -> xpath: //button[normalize-space()='Place Order']]
Session ID: 24593bdd9da208bbd883547e70bddd1b]]>
            </message>
            <full-stacktrace>
              <![CDATA[org.openqa.selenium.ElementClickInterceptedException: element click intercepted: Element <button type="button" class="btn btn-success" data-toggle="modal" data-target="#orderModal">...</button> is not clickable at point (922, 151). Other element would receive the click: <div class="modal fade show" id="orderModal" tabindex="-1" role="dialog" aria-labelledby="orderModalLabel" style="display: block;">...</div>
  (Session info: chrome=143.0.7499.41)
Build info: version: '4.37.0', revision: '3c1da1e342'
System info: os.name: 'Windows 11', os.arch: 'amd64', os.version: '10.0', java.version: '23'
Driver info: org.openqa.selenium.chrome.ChromeDriver
Command: [24593bdd9da208bbd883547e70bddd1b, clickElement {id=f.261D3D2A676B6BF77B6059A1FD8B6267.d.7D89538844E75C65F9B731B740BC870D.e.63}]
Capabilities {acceptInsecureCerts: false, browserName: chrome, browserVersion: 143.0.7499.41, chrome: {chromedriverVersion: 143.0.7499.169 (164b20aab62..., userDataDir: C:\Users\Bhoomika\AppData\L...}, fedcm:accounts: true, goog:chromeOptions: {debuggerAddress: localhost:53871}, goog:processID: 15388, networkConnectionEnabled: false, pageLoadStrategy: normal, platformName: windows, proxy: Proxy(), se:cdp: ws://localhost:53871/devtoo..., se:cdpVersion: 143.0.7499.41, setWindowRect: true, strictFileInteractability: false, timeouts: {implicit: 0, pageLoad: 300000, script: 30000}, unhandledPromptBehavior: dismiss and notify, webauthn:extension:credBlob: true, webauthn:extension:largeBlob: true, webauthn:extension:minPinLength: true, webauthn:extension:prf: true, webauthn:virtualAuthenticators: true}
Element: [[ChromeDriver: chrome on windows (24593bdd9da208bbd883547e70bddd1b)] -> xpath: //button[normalize-space()='Place Order']]
Session ID: 24593bdd9da208bbd883547e70bddd1b
at java.base/jdk.internal.reflect.DirectConstructorHandleAccessor.newInstance(DirectConstructorHandleAccessor.java:62)
at java.base/java.lang.reflect.Constructor.newInstanceWithCaller(Constructor.java:501)
at java.base/java.lang.reflect.Constructor.newInstance(Constructor.java:485)
at org.openqa.selenium.remote.ErrorCodec.decode(ErrorCodec.java:167)
at org.openqa.selenium.remote.codec.w3c.W3CHttpResponseCodec.decode(W3CHttpResponseCodec.java:138)
at org.openqa.selenium.remote.codec.w3c.W3CHttpResponseCodec.decode(W3CHttpResponseCodec.java:50)
at org.openqa.selenium.remote.HttpCommandExecutor.execute(HttpCommandExecutor.java:215)
at org.openqa.selenium.remote.service.DriverCommandExecutor.invokeExecute(DriverCommandExecutor.java:216)
at org.openqa.selenium.remote.service.DriverCommandExecutor.execute(DriverCommandExecutor.java:174)
at org.openqa.selenium.remote.RemoteWebDriver.execute(RemoteWebDriver.java:557)
at org.openqa.selenium.remote.RemoteWebElement.execute(RemoteWebElement.java:223)
at org.openqa.selenium.remote.RemoteWebElement.click(RemoteWebElement.java:76)
at pages.Orderfunction.clkplaceorderbtn(Orderfunction.java:38)
at tests.OrderTest.confirm(OrderTest.java:172)
at java.base/jdk.internal.reflect.DirectMethodHandleAccessor.invoke(DirectMethodHandleAccessor.java:103)
at java.base/java.lang.reflect.Method.invoke(Method.java:580)
at org.testng.internal.invokers.MethodInvocationHelper.invokeMethod(MethodInvocationHelper.java:141)
at org.testng.internal.invokers.TestInvoker.invokeMethod(TestInvoker.java:687)
at org.testng.internal.invokers.TestInvoker.invokeTestMethod(TestInvoker.java:230)
at org.testng.internal.invokers.MethodRunner.runInSequence(MethodRunner.java:63)
at org.testng.internal.invokers.TestInvoker$MethodInvocationAgent.invoke(TestInvoker.java:995)
at org.testng.internal.invokers.TestInvoker.invokeTestMethods(TestInvoker.java:203)
at org.testng.internal.invokers.TestMethodWorker.invokeTestMethods(TestMethodWorker.java:154)
at org.testng.internal.invokers.TestMethodWorker.run(TestMethodWorker.java:134)
at java.base/java.util.ArrayList.forEach(ArrayList.java:1597)
at org.testng.TestRunner.privateRun(TestRunner.java:741)
at org.testng.TestRunner.run(TestRunner.java:616)
at org.testng.SuiteRunner.runTest(SuiteRunner.java:421)
at org.testng.SuiteRunner.runSequentially(SuiteRunner.java:413)
at org.testng.SuiteRunner.privateRun(SuiteRunner.java:373)
at org.testng.SuiteRunner.run(SuiteRunner.java:312)
at org.testng.SuiteRunnerWorker.runSuite(SuiteRunnerWorker.java:52)
at org.testng.SuiteRunnerWorker.run(SuiteRunnerWorker.java:95)
at org.testng.TestNG.runSuitesSequentially(TestNG.java:1274)
at org.testng.TestNG.runSuitesLocally(TestNG.java:1208)
at org.testng.TestNG.runSuites(TestNG.java:1112)
at org.testng.TestNG.run(TestNG.java:1079)
at org.testng.remote.AbstractRemoteTestNG.run(AbstractRemoteTestNG.java:115)
at org.testng.remote.RemoteTestNG.initAndRun(RemoteTestNG.java:293)
at org.testng.remote.RemoteTestNG.main(RemoteTestNG.java:91)
]]>
            </full-stacktrace>
          </exception> <!-- org.openqa.selenium.ElementClickInterceptedException -->
          <reporter-output>
          </reporter-output>
        </test-method> <!-- confirm -->
        <test-method is-config="true" signature="closebrowser()[pri:0, instance:tests.OrderTest@7502291e]" started-at="2025-12-23T19:34:57 IST" name="closebrowser" finished-at="2025-12-23T19:34:57 IST" duration-ms="400" status="PASS">
          <reporter-output>
          </reporter-output>
        </test-method> <!-- closebrowser -->
      </class> <!-- tests.OrderTest -->
      <class name="tests.BrowserAndNavigationTest">
        <test-method is-config="true" signature="browserlaunch(java.lang.reflect.Method)[pri:0, instance:tests.BrowserAndNavigationTest@17aad511]" started-at="2025-12-23T19:34:57 IST" name="browserlaunch" finished-at="2025-12-23T19:35:01 IST" duration-ms="3925" status="PASS">
          <params>
            <param index="0">
              <value>
                <![CDATA[public void tests.BrowserAndNavigationTest.Relatedcategory() throws java.lang.InterruptedException]]>
              </value>
            </param>
          </params>
          <reporter-output>
          </reporter-output>
        </test-method> <!-- browserlaunch -->
        <test-method signature="Relatedcategory()[pri:1, instance:tests.BrowserAndNavigationTest@17aad511]" started-at="2025-12-23T19:35:01 IST" name="Relatedcategory" finished-at="2025-12-23T19:35:57 IST" duration-ms="56075" status="PASS">
          <reporter-output>
          </reporter-output>
        </test-method> <!-- Relatedcategory -->
        <test-method is-config="true" signature="closebrowser()[pri:0, instance:tests.BrowserAndNavigationTest@17aad511]" started-at="2025-12-23T19:35:57 IST" name="closebrowser" finished-at="2025-12-23T19:35:58 IST" duration-ms="520" status="PASS">
          <reporter-output>
          </reporter-output>
        </test-method> <!-- closebrowser -->
        <test-method is-config="true" signature="browserlaunch(java.lang.reflect.Method)[pri:0, instance:tests.BrowserAndNavigationTest@17aad511]" started-at="2025-12-23T19:35:58 IST" name="browserlaunch" finished-at="2025-12-23T19:36:01 IST" duration-ms="3012" status="PASS">
          <params>
            <param index="0">
              <value>
                <![CDATA[public void tests.BrowserAndNavigationTest.Homenavigation()]]>
              </value>
            </param>
          </params>
          <reporter-output>
          </reporter-output>
        </test-method> <!-- browserlaunch -->
        <test-method signature="Homenavigation()[pri:3, instance:tests.BrowserAndNavigationTest@17aad511]" started-at="2025-12-23T19:36:01 IST" name="Homenavigation" finished-at="2025-12-23T19:36:02 IST" duration-ms="610" status="PASS">
          <reporter-output>
          </reporter-output>
        </test-method> <!-- Homenavigation -->
        <test-method is-config="true" signature="closebrowser()[pri:0, instance:tests.BrowserAndNavigationTest@17aad511]" started-at="2025-12-23T19:36:02 IST" name="closebrowser" finished-at="2025-12-23T19:36:02 IST" duration-ms="361" status="PASS">
          <reporter-output>
          </reporter-output>
        </test-method> <!-- closebrowser -->
        <test-method is-config="true" signature="browserlaunch(java.lang.reflect.Method)[pri:0, instance:tests.BrowserAndNavigationTest@17aad511]" started-at="2025-12-23T19:36:02 IST" name="browserlaunch" finished-at="2025-12-23T19:36:04 IST" duration-ms="2345" status="PASS">
          <params>
            <param index="0">
              <value>
                <![CDATA[public void tests.BrowserAndNavigationTest.navbarlink() throws java.lang.InterruptedException]]>
              </value>
            </param>
          </params>
          <reporter-output>
          </reporter-output>
        </test-method> <!-- browserlaunch -->
        <test-method signature="navbarlink()[pri:4, instance:tests.BrowserAndNavigationTest@17aad511]" started-at="2025-12-23T19:36:04 IST" name="navbarlink" finished-at="2025-12-23T19:36:08 IST" duration-ms="3761" status="PASS">
          <reporter-output>
          </reporter-output>
        </test-method> <!-- navbarlink -->
        <test-method is-config="true" signature="closebrowser()[pri:0, instance:tests.BrowserAndNavigationTest@17aad511]" started-at="2025-12-23T19:36:08 IST" name="closebrowser" finished-at="2025-12-23T19:36:08 IST" duration-ms="427" status="PASS">
          <reporter-output>
          </reporter-output>
        </test-method> <!-- closebrowser -->
      </class> <!-- tests.BrowserAndNavigationTest -->
      <class name="tests.LoginAndLogoutTest">
        <test-method is-config="true" signature="browserlaunch(java.lang.reflect.Method)[pri:0, instance:tests.LoginAndLogoutTest@487db668]" started-at="2025-12-23T19:36:08 IST" name="browserlaunch" finished-at="2025-12-23T19:36:11 IST" duration-ms="2164" status="PASS">
          <params>
            <param index="0">
              <value>
                <![CDATA[public void tests.LoginAndLogoutTest.login()]]>
              </value>
            </param>
          </params>
          <reporter-output>
          </reporter-output>
        </test-method> <!-- browserlaunch -->
        <test-method signature="login()[pri:1, instance:tests.LoginAndLogoutTest@487db668]" started-at="2025-12-23T19:36:11 IST" name="login" finished-at="2025-12-23T19:36:11 IST" duration-ms="788" status="PASS">
          <reporter-output>
          </reporter-output>
        </test-method> <!-- login -->
        <test-method is-config="true" signature="closebrowser()[pri:0, instance:tests.LoginAndLogoutTest@487db668]" started-at="2025-12-23T19:36:11 IST" name="closebrowser" finished-at="2025-12-23T19:36:12 IST" duration-ms="400" status="PASS">
          <reporter-output>
          </reporter-output>
        </test-method> <!-- closebrowser -->
        <test-method is-config="true" signature="browserlaunch(java.lang.reflect.Method)[pri:0, instance:tests.LoginAndLogoutTest@487db668]" started-at="2025-12-23T19:36:12 IST" name="browserlaunch" finished-at="2025-12-23T19:36:14 IST" duration-ms="2651" status="PASS">
          <params>
            <param index="0">
              <value>
                <![CDATA[public void tests.LoginAndLogoutTest.logout()]]>
              </value>
            </param>
          </params>
          <reporter-output>
          </reporter-output>
        </test-method> <!-- browserlaunch -->
        <test-method signature="logout()[pri:2, instance:tests.LoginAndLogoutTest@487db668]" started-at="2025-12-23T19:36:14 IST" name="logout" finished-at="2025-12-23T19:44:47 IST" depends-on-methods="tests.LoginAndLogoutTest.login" duration-ms="512428" status="FAIL">
          <exception class="org.openqa.selenium.NoSuchSessionException">
            <message>
              <![CDATA[invalid session id: session deleted as the browser has closed the connection
from disconnected: not connected to DevTools
  (Session info: chrome=143.0.7499.41)
Build info: version: '4.37.0', revision: '3c1da1e342'
System info: os.name: 'Windows 11', os.arch: 'amd64', os.version: '10.0', java.version: '23'
Driver info: org.openqa.selenium.chrome.ChromeDriver
Command: [4182fa0b817b68d2c7c82136492f34c4, findElements {using=id, value=logout2}]
Capabilities {acceptInsecureCerts: false, browserName: chrome, browserVersion: 143.0.7499.41, chrome: {chromedriverVersion: 143.0.7499.169 (164b20aab62..., userDataDir: C:\Users\Bhoomika\AppData\L...}, fedcm:accounts: true, goog:chromeOptions: {debuggerAddress: localhost:64549}, goog:processID: 32476, networkConnectionEnabled: false, pageLoadStrategy: normal, platformName: windows, proxy: Proxy(), se:cdp: ws://localhost:64549/devtoo..., se:cdpVersion: 143.0.7499.41, setWindowRect: true, strictFileInteractability: false, timeouts: {implicit: 0, pageLoad: 300000, script: 30000}, unhandledPromptBehavior: dismiss and notify, webauthn:extension:credBlob: true, webauthn:extension:largeBlob: true, webauthn:extension:minPinLength: true, webauthn:extension:prf: true, webauthn:virtualAuthenticators: true}
Session ID: 4182fa0b817b68d2c7c82136492f34c4]]>
            </message>
            <full-stacktrace>
              <![CDATA[org.openqa.selenium.NoSuchSessionException: invalid session id: session deleted as the browser has closed the connection
from disconnected: not connected to DevTools
  (Session info: chrome=143.0.7499.41)
Build info: version: '4.37.0', revision: '3c1da1e342'
System info: os.name: 'Windows 11', os.arch: 'amd64', os.version: '10.0', java.version: '23'
Driver info: org.openqa.selenium.chrome.ChromeDriver
Command: [4182fa0b817b68d2c7c82136492f34c4, findElements {using=id, value=logout2}]
Capabilities {acceptInsecureCerts: false, browserName: chrome, browserVersion: 143.0.7499.41, chrome: {chromedriverVersion: 143.0.7499.169 (164b20aab62..., userDataDir: C:\Users\Bhoomika\AppData\L...}, fedcm:accounts: true, goog:chromeOptions: {debuggerAddress: localhost:64549}, goog:processID: 32476, networkConnectionEnabled: false, pageLoadStrategy: normal, platformName: windows, proxy: Proxy(), se:cdp: ws://localhost:64549/devtoo..., se:cdpVersion: 143.0.7499.41, setWindowRect: true, strictFileInteractability: false, timeouts: {implicit: 0, pageLoad: 300000, script: 30000}, unhandledPromptBehavior: dismiss and notify, webauthn:extension:credBlob: true, webauthn:extension:largeBlob: true, webauthn:extension:minPinLength: true, webauthn:extension:prf: true, webauthn:virtualAuthenticators: true}
Session ID: 4182fa0b817b68d2c7c82136492f34c4
at java.base/jdk.internal.reflect.DirectConstructorHandleAccessor.newInstance(DirectConstructorHandleAccessor.java:62)
at java.base/java.lang.reflect.Constructor.newInstanceWithCaller(Constructor.java:501)
at java.base/java.lang.reflect.Constructor.newInstance(Constructor.java:485)
at org.openqa.selenium.remote.ErrorCodec.decode(ErrorCodec.java:167)
at org.openqa.selenium.remote.codec.w3c.W3CHttpResponseCodec.decode(W3CHttpResponseCodec.java:138)
at org.openqa.selenium.remote.codec.w3c.W3CHttpResponseCodec.decode(W3CHttpResponseCodec.java:50)
at org.openqa.selenium.remote.HttpCommandExecutor.execute(HttpCommandExecutor.java:215)
at org.openqa.selenium.remote.service.DriverCommandExecutor.invokeExecute(DriverCommandExecutor.java:216)
at org.openqa.selenium.remote.service.DriverCommandExecutor.execute(DriverCommandExecutor.java:174)
at org.openqa.selenium.remote.RemoteWebDriver.execute(RemoteWebDriver.java:557)
at org.openqa.selenium.remote.ElementLocation$ElementFinder$2.findElements(ElementLocation.java:182)
at org.openqa.selenium.remote.ElementLocation.findElements(ElementLocation.java:103)
at org.openqa.selenium.remote.RemoteWebDriver.findElements(RemoteWebDriver.java:393)
at org.openqa.selenium.remote.RemoteWebDriver.findElements(RemoteWebDriver.java:387)
at org.openqa.selenium.support.ui.ExpectedConditions$8.apply(ExpectedConditions.java:221)
at org.openqa.selenium.support.ui.ExpectedConditions$8.apply(ExpectedConditions.java:218)
at org.openqa.selenium.support.ui.FluentWait.until(FluentWait.java:203)
at pages.LoginAndLogoutfunction.logoutmethod(LoginAndLogoutfunction.java:24)
at tests.LoginAndLogoutTest.logout(LoginAndLogoutTest.java:47)
at java.base/jdk.internal.reflect.DirectMethodHandleAccessor.invoke(DirectMethodHandleAccessor.java:103)
at java.base/java.lang.reflect.Method.invoke(Method.java:580)
at org.testng.internal.invokers.MethodInvocationHelper.invokeMethod(MethodInvocationHelper.java:141)
at org.testng.internal.invokers.TestInvoker.invokeMethod(TestInvoker.java:687)
at org.testng.internal.invokers.TestInvoker.invokeTestMethod(TestInvoker.java:230)
at org.testng.internal.invokers.MethodRunner.runInSequence(MethodRunner.java:63)
at org.testng.internal.invokers.TestInvoker$MethodInvocationAgent.invoke(TestInvoker.java:995)
at org.testng.internal.invokers.TestInvoker.invokeTestMethods(TestInvoker.java:203)
at org.testng.internal.invokers.TestMethodWorker.invokeTestMethods(TestMethodWorker.java:154)
at org.testng.internal.invokers.TestMethodWorker.run(TestMethodWorker.java:134)
at java.base/java.util.ArrayList.forEach(ArrayList.java:1597)
at org.testng.TestRunner.privateRun(TestRunner.java:741)
at org.testng.TestRunner.run(TestRunner.java:616)
at org.testng.SuiteRunner.runTest(SuiteRunner.java:421)
at org.testng.SuiteRunner.runSequentially(SuiteRunner.java:413)
at org.testng.SuiteRunner.privateRun(SuiteRunner.java:373)
at org.testng.SuiteRunner.run(SuiteRunner.java:312)
at org.testng.SuiteRunnerWorker.runSuite(SuiteRunnerWorker.java:52)
at org.testng.SuiteRunnerWorker.run(SuiteRunnerWorker.java:95)
at org.testng.TestNG.runSuitesSequentially(TestNG.java:1274)
at org.testng.TestNG.runSuitesLocally(TestNG.java:1208)
at org.testng.TestNG.runSuites(TestNG.java:1112)
at org.testng.TestNG.run(TestNG.java:1079)
at org.testng.remote.AbstractRemoteTestNG.run(AbstractRemoteTestNG.java:115)
at org.testng.remote.RemoteTestNG.initAndRun(RemoteTestNG.java:293)
at org.testng.remote.RemoteTestNG.main(RemoteTestNG.java:91)
]]>
            </full-stacktrace>
          </exception> <!-- org.openqa.selenium.NoSuchSessionException -->
          <reporter-output>
          </reporter-output>
        </test-method> <!-- logout -->
        <test-method is-config="true" signature="closebrowser()[pri:0, instance:tests.LoginAndLogoutTest@487db668]" started-at="2025-12-23T19:44:47 IST" name="closebrowser" finished-at="2025-12-23T19:44:47 IST" duration-ms="243" status="PASS">
          <reporter-output>
          </reporter-output>
        </test-method> <!-- closebrowser -->
      </class> <!-- tests.LoginAndLogoutTest -->
      <class name="tests.SignupTest">
        <test-method is-config="true" signature="initiateExtentReport()[pri:0, instance:tests.SignupTest@8dbfffb]" started-at="2025-12-23T19:32:17 IST" name="initiateExtentReport" finished-at="2025-12-23T19:32:17 IST" duration-ms="12" status="PASS">
          <reporter-output>
          </reporter-output>
        </test-method> <!-- initiateExtentReport -->
        <test-method is-config="true" signature="browserlaunch(java.lang.reflect.Method)[pri:0, instance:tests.SignupTest@8dbfffb]" started-at="2025-12-23T19:32:17 IST" name="browserlaunch" finished-at="2025-12-23T19:32:21 IST" duration-ms="4171" status="PASS">
          <params>
            <param index="0">
              <value>
                <![CDATA[public void tests.SignupTest.uniquecredit() throws java.lang.InterruptedException]]>
              </value>
            </param>
          </params>
          <reporter-output>
          </reporter-output>
        </test-method> <!-- browserlaunch -->
        <test-method signature="uniquecredit()[pri:1, instance:tests.SignupTest@8dbfffb]" started-at="2025-12-23T19:32:21 IST" name="uniquecredit" finished-at="2025-12-23T19:32:30 IST" duration-ms="8971" status="PASS">
          <reporter-output>
          </reporter-output>
        </test-method> <!-- uniquecredit -->
        <test-method is-config="true" signature="closebrowser()[pri:0, instance:tests.SignupTest@8dbfffb]" started-at="2025-12-23T19:32:30 IST" name="closebrowser" finished-at="2025-12-23T19:32:31 IST" duration-ms="533" status="PASS">
          <reporter-output>
          </reporter-output>
        </test-method> <!-- closebrowser -->
        <test-method is-config="true" signature="browserlaunch(java.lang.reflect.Method)[pri:0, instance:tests.SignupTest@8dbfffb]" started-at="2025-12-23T19:32:31 IST" name="browserlaunch" finished-at="2025-12-23T19:32:34 IST" duration-ms="2623" status="PASS">
          <params>
            <param index="0">
              <value>
                <![CDATA[public void tests.SignupTest.existuser() throws java.lang.InterruptedException]]>
              </value>
            </param>
          </params>
          <reporter-output>
          </reporter-output>
        </test-method> <!-- browserlaunch -->
        <test-method signature="existuser()[pri:2, instance:tests.SignupTest@8dbfffb]" started-at="2025-12-23T19:32:34 IST" name="existuser" finished-at="2025-12-23T19:32:42 IST" duration-ms="8798" status="PASS">
          <reporter-output>
          </reporter-output>
        </test-method> <!-- existuser -->
        <test-method is-config="true" signature="closebrowser()[pri:0, instance:tests.SignupTest@8dbfffb]" started-at="2025-12-23T19:32:42 IST" name="closebrowser" finished-at="2025-12-23T19:32:43 IST" duration-ms="500" status="PASS">
          <reporter-output>
          </reporter-output>
        </test-method> <!-- closebrowser -->
        <test-method is-config="true" signature="browserlaunch(java.lang.reflect.Method)[pri:0, instance:tests.SignupTest@8dbfffb]" started-at="2025-12-23T19:32:43 IST" name="browserlaunch" finished-at="2025-12-23T19:32:46 IST" duration-ms="2937" status="PASS">
          <params>
            <param index="0">
              <value>
                <![CDATA[public void tests.SignupTest.emptyfield() throws java.lang.InterruptedException]]>
              </value>
            </param>
          </params>
          <reporter-output>
          </reporter-output>
        </test-method> <!-- browserlaunch -->
        <test-method signature="emptyfield()[pri:3, instance:tests.SignupTest@8dbfffb]" started-at="2025-12-23T19:32:46 IST" name="emptyfield" finished-at="2025-12-23T19:32:55 IST" duration-ms="8709" status="PASS">
          <reporter-output>
          </reporter-output>
        </test-method> <!-- emptyfield -->
        <test-method is-config="true" signature="closebrowser()[pri:0, instance:tests.SignupTest@8dbfffb]" started-at="2025-12-23T19:32:55 IST" name="closebrowser" finished-at="2025-12-23T19:32:55 IST" duration-ms="435" status="PASS">
          <reporter-output>
          </reporter-output>
        </test-method> <!-- closebrowser -->
        <test-method is-config="true" signature="closeReport()[pri:0, instance:tests.SignupTest@8dbfffb]" started-at="2025-12-23T19:45:04 IST" name="closeReport" finished-at="2025-12-23T19:45:04 IST" duration-ms="464" status="PASS">
          <reporter-output>
          </reporter-output>
        </test-method> <!-- closeReport -->
      </class> <!-- tests.SignupTest -->
      <class name="tests.CartTest">
        <test-method is-config="true" signature="browserlaunch(java.lang.reflect.Method)[pri:0, instance:tests.CartTest@2445445a]" started-at="2025-12-23T19:33:31 IST" name="browserlaunch" finished-at="2025-12-23T19:33:34 IST" duration-ms="2786" status="PASS">
          <params>
            <param index="0">
              <value>
                <![CDATA[public void tests.CartTest.loginWvalidcredential()]]>
              </value>
            </param>
          </params>
          <reporter-output>
          </reporter-output>
        </test-method> <!-- browserlaunch -->
        <test-method signature="loginWvalidcredential()[pri:1, instance:tests.CartTest@2445445a]" started-at="2025-12-23T19:33:34 IST" name="loginWvalidcredential" finished-at="2025-12-23T19:33:35 IST" duration-ms="961" status="PASS">
          <reporter-output>
          </reporter-output>
        </test-method> <!-- loginWvalidcredential -->
        <test-method is-config="true" signature="closebrowser()[pri:0, instance:tests.CartTest@2445445a]" started-at="2025-12-23T19:33:35 IST" name="closebrowser" finished-at="2025-12-23T19:33:35 IST" duration-ms="412" status="PASS">
          <reporter-output>
          </reporter-output>
        </test-method> <!-- closebrowser -->
        <test-method is-config="true" signature="browserlaunch(java.lang.reflect.Method)[pri:0, instance:tests.CartTest@2445445a]" started-at="2025-12-23T19:33:35 IST" name="browserlaunch" finished-at="2025-12-23T19:33:37 IST" duration-ms="2277" status="PASS">
          <params>
            <param index="0">
              <value>
                <![CDATA[public void tests.CartTest.producttocart() throws java.lang.InterruptedException]]>
              </value>
            </param>
          </params>
          <reporter-output>
          </reporter-output>
        </test-method> <!-- browserlaunch -->
        <test-method signature="producttocart()[pri:2, instance:tests.CartTest@2445445a]" started-at="2025-12-23T19:33:37 IST" name="producttocart" finished-at="2025-12-23T19:33:47 IST" depends-on-methods="tests.CartTest.loginWvalidcredential" duration-ms="10045" status="PASS">
          <reporter-output>
          </reporter-output>
        </test-method> <!-- producttocart -->
        <test-method is-config="true" signature="closebrowser()[pri:0, instance:tests.CartTest@2445445a]" started-at="2025-12-23T19:33:47 IST" name="closebrowser" finished-at="2025-12-23T19:33:48 IST" duration-ms="483" status="PASS">
          <reporter-output>
          </reporter-output>
        </test-method> <!-- closebrowser -->
        <test-method is-config="true" signature="browserlaunch(java.lang.reflect.Method)[pri:0, instance:tests.CartTest@2445445a]" started-at="2025-12-23T19:33:48 IST" name="browserlaunch" finished-at="2025-12-23T19:33:51 IST" duration-ms="2902" status="PASS">
          <params>
            <param index="0">
              <value>
                <![CDATA[public void tests.CartTest.productdetails() throws java.lang.InterruptedException]]>
              </value>
            </param>
          </params>
          <reporter-output>
          </reporter-output>
        </test-method> <!-- browserlaunch -->
        <test-method signature="productdetails()[pri:3, instance:tests.CartTest@2445445a]" started-at="2025-12-23T19:33:51 IST" name="productdetails" finished-at="2025-12-23T19:34:22 IST" depends-on-methods="tests.CartTest.producttocart" duration-ms="31368" status="FAIL">
          <exception class="org.openqa.selenium.TimeoutException">
            <message>
              <![CDATA[Expected condition failed: waiting for visibility of element located by By.xpath: //tbody[@id='tbodyid']/tr/td[2] (tried for 30 second(s) with 500 milliseconds interval)
Build info: version: '4.37.0', revision: '3c1da1e342'
System info: os.name: 'Windows 11', os.arch: 'amd64', os.version: '10.0', java.version: '23'
Driver info: org.openqa.selenium.chrome.ChromeDriver
Capabilities {acceptInsecureCerts: false, browserName: chrome, browserVersion: 143.0.7499.41, chrome: {chromedriverVersion: 143.0.7499.169 (164b20aab62..., userDataDir: C:\Users\Bhoomika\AppData\L...}, fedcm:accounts: true, goog:chromeOptions: {debuggerAddress: localhost:51845}, goog:processID: 32460, networkConnectionEnabled: false, pageLoadStrategy: normal, platformName: windows, proxy: Proxy(), se:cdp: ws://localhost:51845/devtoo..., se:cdpVersion: 143.0.7499.41, setWindowRect: true, strictFileInteractability: false, timeouts: {implicit: 0, pageLoad: 300000, script: 30000}, unhandledPromptBehavior: dismiss and notify, webauthn:extension:credBlob: true, webauthn:extension:largeBlob: true, webauthn:extension:minPinLength: true, webauthn:extension:prf: true, webauthn:virtualAuthenticators: true}
Session ID: 7d18beea3430dd0901f5d781fb6a5c56]]>
            </message>
            <full-stacktrace>
              <![CDATA[org.openqa.selenium.TimeoutException: Expected condition failed: waiting for visibility of element located by By.xpath: //tbody[@id='tbodyid']/tr/td[2] (tried for 30 second(s) with 500 milliseconds interval)
Build info: version: '4.37.0', revision: '3c1da1e342'
System info: os.name: 'Windows 11', os.arch: 'amd64', os.version: '10.0', java.version: '23'
Driver info: org.openqa.selenium.chrome.ChromeDriver
Capabilities {acceptInsecureCerts: false, browserName: chrome, browserVersion: 143.0.7499.41, chrome: {chromedriverVersion: 143.0.7499.169 (164b20aab62..., userDataDir: C:\Users\Bhoomika\AppData\L...}, fedcm:accounts: true, goog:chromeOptions: {debuggerAddress: localhost:51845}, goog:processID: 32460, networkConnectionEnabled: false, pageLoadStrategy: normal, platformName: windows, proxy: Proxy(), se:cdp: ws://localhost:51845/devtoo..., se:cdpVersion: 143.0.7499.41, setWindowRect: true, strictFileInteractability: false, timeouts: {implicit: 0, pageLoad: 300000, script: 30000}, unhandledPromptBehavior: dismiss and notify, webauthn:extension:credBlob: true, webauthn:extension:largeBlob: true, webauthn:extension:minPinLength: true, webauthn:extension:prf: true, webauthn:virtualAuthenticators: true}
Session ID: 7d18beea3430dd0901f5d781fb6a5c56
at org.openqa.selenium.support.ui.WebDriverWait.timeoutException(WebDriverWait.java:84)
at org.openqa.selenium.support.ui.FluentWait.until(FluentWait.java:228)
at pages.Cartfunction.titleofproduct(Cartfunction.java:86)
at tests.CartTest.productdetails(CartTest.java:82)
at java.base/jdk.internal.reflect.DirectMethodHandleAccessor.invoke(DirectMethodHandleAccessor.java:103)
at java.base/java.lang.reflect.Method.invoke(Method.java:580)
at org.testng.internal.invokers.MethodInvocationHelper.invokeMethod(MethodInvocationHelper.java:141)
at org.testng.internal.invokers.TestInvoker.invokeMethod(TestInvoker.java:687)
at org.testng.internal.invokers.TestInvoker.invokeTestMethod(TestInvoker.java:230)
at org.testng.internal.invokers.MethodRunner.runInSequence(MethodRunner.java:63)
at org.testng.internal.invokers.TestInvoker$MethodInvocationAgent.invoke(TestInvoker.java:995)
at org.testng.internal.invokers.TestInvoker.invokeTestMethods(TestInvoker.java:203)
at org.testng.internal.invokers.TestMethodWorker.invokeTestMethods(TestMethodWorker.java:154)
at org.testng.internal.invokers.TestMethodWorker.run(TestMethodWorker.java:134)
at java.base/java.util.ArrayList.forEach(ArrayList.java:1597)
at org.testng.TestRunner.privateRun(TestRunner.java:741)
at org.testng.TestRunner.run(TestRunner.java:616)
at org.testng.SuiteRunner.runTest(SuiteRunner.java:421)
at org.testng.SuiteRunner.runSequentially(SuiteRunner.java:413)
at org.testng.SuiteRunner.privateRun(SuiteRunner.java:373)
at org.testng.SuiteRunner.run(SuiteRunner.java:312)
at org.testng.SuiteRunnerWorker.runSuite(SuiteRunnerWorker.java:52)
at org.testng.SuiteRunnerWorker.run(SuiteRunnerWorker.java:95)
at org.testng.TestNG.runSuitesSequentially(TestNG.java:1274)
at org.testng.TestNG.runSuitesLocally(TestNG.java:1208)
at org.testng.TestNG.runSuites(TestNG.java:1112)
at org.testng.TestNG.run(TestNG.java:1079)
at org.testng.remote.AbstractRemoteTestNG.run(AbstractRemoteTestNG.java:115)
at org.testng.remote.RemoteTestNG.initAndRun(RemoteTestNG.java:293)
at org.testng.remote.RemoteTestNG.main(RemoteTestNG.java:91)
]]>
            </full-stacktrace>
          </exception> <!-- org.openqa.selenium.TimeoutException -->
          <reporter-output>
          </reporter-output>
        </test-method> <!-- productdetails -->
        <test-method is-config="true" signature="closebrowser()[pri:0, instance:tests.CartTest@2445445a]" started-at="2025-12-23T19:34:22 IST" name="closebrowser" finished-at="2025-12-23T19:34:23 IST" duration-ms="593" status="PASS">
          <reporter-output>
          </reporter-output>
        </test-method> <!-- closebrowser -->
      </class> <!-- tests.CartTest -->
      <class name="tests.UIandUXTest">
        <test-method is-config="true" signature="browserlaunch(java.lang.reflect.Method)[pri:0, instance:tests.UIandUXTest@46944ca9]" started-at="2025-12-23T19:44:47 IST" name="browserlaunch" finished-at="2025-12-23T19:44:51 IST" duration-ms="3755" status="PASS">
          <params>
            <param index="0">
              <value>
                <![CDATA[public void tests.UIandUXTest.loginWvalidcredential()]]>
              </value>
            </param>
          </params>
          <reporter-output>
          </reporter-output>
        </test-method> <!-- browserlaunch -->
        <test-method is-config="true" signature="setupPages()[pri:0, instance:tests.UIandUXTest@46944ca9]" started-at="2025-12-23T19:44:51 IST" name="setupPages" finished-at="2025-12-23T19:44:51 IST" duration-ms="22" status="PASS">
          <reporter-output>
          </reporter-output>
        </test-method> <!-- setupPages -->
        <test-method signature="loginWvalidcredential()[pri:1, instance:tests.UIandUXTest@46944ca9]" started-at="2025-12-23T19:44:51 IST" name="loginWvalidcredential" finished-at="2025-12-23T19:44:52 IST" duration-ms="962" status="PASS">
          <reporter-output>
          </reporter-output>
        </test-method> <!-- loginWvalidcredential -->
        <test-method is-config="true" signature="closebrowser()[pri:0, instance:tests.UIandUXTest@46944ca9]" started-at="2025-12-23T19:44:52 IST" name="closebrowser" finished-at="2025-12-23T19:44:52 IST" duration-ms="479" status="PASS">
          <reporter-output>
          </reporter-output>
        </test-method> <!-- closebrowser -->
        <test-method is-config="true" signature="browserlaunch(java.lang.reflect.Method)[pri:0, instance:tests.UIandUXTest@46944ca9]" started-at="2025-12-23T19:44:52 IST" name="browserlaunch" finished-at="2025-12-23T19:44:55 IST" duration-ms="2735" status="PASS">
          <params>
            <param index="0">
              <value>
                <![CDATA[public void tests.UIandUXTest.verifyProductCardAlignmentAndSpacing()]]>
              </value>
            </param>
          </params>
          <reporter-output>
          </reporter-output>
        </test-method> <!-- browserlaunch -->
        <test-method is-config="true" signature="setupPages()[pri:0, instance:tests.UIandUXTest@46944ca9]" started-at="2025-12-23T19:44:55 IST" name="setupPages" finished-at="2025-12-23T19:44:55 IST" duration-ms="1" status="PASS">
          <reporter-output>
          </reporter-output>
        </test-method> <!-- setupPages -->
        <test-method signature="verifyProductCardAlignmentAndSpacing()[pri:2, instance:tests.UIandUXTest@46944ca9]" started-at="2025-12-23T19:44:55 IST" name="verifyProductCardAlignmentAndSpacing" finished-at="2025-12-23T19:44:55 IST" duration-ms="60" status="FAIL">
          <exception class="java.lang.IndexOutOfBoundsException">
            <message>
              <![CDATA[Index 0 out of bounds for length 0]]>
            </message>
            <full-stacktrace>
              <![CDATA[java.lang.IndexOutOfBoundsException: Index 0 out of bounds for length 0
at java.base/jdk.internal.util.Preconditions.outOfBounds(Preconditions.java:100)
at java.base/jdk.internal.util.Preconditions.outOfBoundsCheckIndex(Preconditions.java:106)
at java.base/jdk.internal.util.Preconditions.checkIndex(Preconditions.java:302)
at java.base/java.util.Objects.checkIndex(Objects.java:365)
at java.base/java.util.ArrayList.get(ArrayList.java:428)
at pages.UIandUXfunction.verifyCardWidthConsistency(UIandUXfunction.java:32)
at tests.UIandUXTest.verifyProductCardAlignmentAndSpacing(UIandUXTest.java:41)
at java.base/jdk.internal.reflect.DirectMethodHandleAccessor.invoke(DirectMethodHandleAccessor.java:103)
at java.base/java.lang.reflect.Method.invoke(Method.java:580)
at org.testng.internal.invokers.MethodInvocationHelper.invokeMethod(MethodInvocationHelper.java:141)
at org.testng.internal.invokers.TestInvoker.invokeMethod(TestInvoker.java:687)
at org.testng.internal.invokers.TestInvoker.invokeTestMethod(TestInvoker.java:230)
at org.testng.internal.invokers.MethodRunner.runInSequence(MethodRunner.java:63)
at org.testng.internal.invokers.TestInvoker$MethodInvocationAgent.invoke(TestInvoker.java:995)
at org.testng.internal.invokers.TestInvoker.invokeTestMethods(TestInvoker.java:203)
at org.testng.internal.invokers.TestMethodWorker.invokeTestMethods(TestMethodWorker.java:154)
at org.testng.internal.invokers.TestMethodWorker.run(TestMethodWorker.java:134)
at java.base/java.util.ArrayList.forEach(ArrayList.java:1597)
at org.testng.TestRunner.privateRun(TestRunner.java:741)
at org.testng.TestRunner.run(TestRunner.java:616)
at org.testng.SuiteRunner.runTest(SuiteRunner.java:421)
at org.testng.SuiteRunner.runSequentially(SuiteRunner.java:413)
at org.testng.SuiteRunner.privateRun(SuiteRunner.java:373)
at org.testng.SuiteRunner.run(SuiteRunner.java:312)
at org.testng.SuiteRunnerWorker.runSuite(SuiteRunnerWorker.java:52)
at org.testng.SuiteRunnerWorker.run(SuiteRunnerWorker.java:95)
at org.testng.TestNG.runSuitesSequentially(TestNG.java:1274)
at org.testng.TestNG.runSuitesLocally(TestNG.java:1208)
at org.testng.TestNG.runSuites(TestNG.java:1112)
at org.testng.TestNG.run(TestNG.java:1079)
at org.testng.remote.AbstractRemoteTestNG.run(AbstractRemoteTestNG.java:115)
at org.testng.remote.RemoteTestNG.initAndRun(RemoteTestNG.java:293)
at org.testng.remote.RemoteTestNG.main(RemoteTestNG.java:91)
]]>
            </full-stacktrace>
          </exception> <!-- java.lang.IndexOutOfBoundsException -->
          <reporter-output>
          </reporter-output>
        </test-method> <!-- verifyProductCardAlignmentAndSpacing -->
        <test-method is-config="true" signature="closebrowser()[pri:0, instance:tests.UIandUXTest@46944ca9]" started-at="2025-12-23T19:44:55 IST" name="closebrowser" finished-at="2025-12-23T19:44:55 IST" duration-ms="322" status="PASS">
          <reporter-output>
          </reporter-output>
        </test-method> <!-- closebrowser -->
        <test-method is-config="true" signature="browserlaunch(java.lang.reflect.Method)[pri:0, instance:tests.UIandUXTest@46944ca9]" started-at="2025-12-23T19:44:55 IST" name="browserlaunch" finished-at="2025-12-23T19:45:00 IST" duration-ms="4688" status="PASS">
          <params>
            <param index="0">
              <value>
                <![CDATA[public void tests.UIandUXTest.verifyButtonsVisibility()]]>
              </value>
            </param>
          </params>
          <reporter-output>
          </reporter-output>
        </test-method> <!-- browserlaunch -->
        <test-method signature="verifyButtonsVisibility()[pri:3, instance:tests.UIandUXTest@46944ca9]" started-at="2025-12-23T19:45:00 IST" name="verifyButtonsVisibility" finished-at="2025-12-23T19:45:00 IST" duration-ms="304" status="PASS">
          <reporter-output>
          </reporter-output>
        </test-method> <!-- verifyButtonsVisibility -->
        <test-method is-config="true" signature="setupPages()[pri:0, instance:tests.UIandUXTest@46944ca9]" started-at="2025-12-23T19:45:00 IST" name="setupPages" finished-at="2025-12-23T19:45:00 IST" duration-ms="0" status="PASS">
          <reporter-output>
          </reporter-output>
        </test-method> <!-- setupPages -->
        <test-method is-config="true" signature="closebrowser()[pri:0, instance:tests.UIandUXTest@46944ca9]" started-at="2025-12-23T19:45:00 IST" name="closebrowser" finished-at="2025-12-23T19:45:01 IST" duration-ms="375" status="PASS">
          <reporter-output>
          </reporter-output>
        </test-method> <!-- closebrowser -->
        <test-method is-config="true" signature="browserlaunch(java.lang.reflect.Method)[pri:0, instance:tests.UIandUXTest@46944ca9]" started-at="2025-12-23T19:45:01 IST" name="browserlaunch" finished-at="2025-12-23T19:45:03 IST" duration-ms="2419" status="PASS">
          <params>
            <param index="0">
              <value>
                <![CDATA[void tests.UIandUXTest.verifyCardUIUX()]]>
              </value>
            </param>
          </params>
          <reporter-output>
          </reporter-output>
        </test-method> <!-- browserlaunch -->
        <test-method signature="verifyCardUIUX()[pri:4, instance:tests.UIandUXTest@46944ca9]" started-at="2025-12-23T19:45:03 IST" name="verifyCardUIUX" finished-at="2025-12-23T19:45:03 IST" duration-ms="20" status="FAIL">
          <exception class="java.lang.IndexOutOfBoundsException">
            <message>
              <![CDATA[Index 0 out of bounds for length 0]]>
            </message>
            <full-stacktrace>
              <![CDATA[java.lang.IndexOutOfBoundsException: Index 0 out of bounds for length 0
at java.base/jdk.internal.util.Preconditions.outOfBounds(Preconditions.java:100)
at java.base/jdk.internal.util.Preconditions.outOfBoundsCheckIndex(Preconditions.java:106)
at java.base/jdk.internal.util.Preconditions.checkIndex(Preconditions.java:302)
at java.base/java.util.Objects.checkIndex(Objects.java:365)
at java.base/java.util.ArrayList.get(ArrayList.java:428)
at pages.UIandUXfunction.verifyCardWidthConsistency(UIandUXfunction.java:32)
at tests.UIandUXTest.verifyCardUIUX(UIandUXTest.java:77)
at java.base/jdk.internal.reflect.DirectMethodHandleAccessor.invoke(DirectMethodHandleAccessor.java:103)
at java.base/java.lang.reflect.Method.invoke(Method.java:580)
at org.testng.internal.invokers.MethodInvocationHelper.invokeMethod(MethodInvocationHelper.java:141)
at org.testng.internal.invokers.TestInvoker.invokeMethod(TestInvoker.java:687)
at org.testng.internal.invokers.TestInvoker.invokeTestMethod(TestInvoker.java:230)
at org.testng.internal.invokers.MethodRunner.runInSequence(MethodRunner.java:63)
at org.testng.internal.invokers.TestInvoker$MethodInvocationAgent.invoke(TestInvoker.java:995)
at org.testng.internal.invokers.TestInvoker.invokeTestMethods(TestInvoker.java:203)
at org.testng.internal.invokers.TestMethodWorker.invokeTestMethods(TestMethodWorker.java:154)
at org.testng.internal.invokers.TestMethodWorker.run(TestMethodWorker.java:134)
at java.base/java.util.ArrayList.forEach(ArrayList.java:1597)
at org.testng.TestRunner.privateRun(TestRunner.java:741)
at org.testng.TestRunner.run(TestRunner.java:616)
at org.testng.SuiteRunner.runTest(SuiteRunner.java:421)
at org.testng.SuiteRunner.runSequentially(SuiteRunner.java:413)
at org.testng.SuiteRunner.privateRun(SuiteRunner.java:373)
at org.testng.SuiteRunner.run(SuiteRunner.java:312)
at org.testng.SuiteRunnerWorker.runSuite(SuiteRunnerWorker.java:52)
at org.testng.SuiteRunnerWorker.run(SuiteRunnerWorker.java:95)
at org.testng.TestNG.runSuitesSequentially(TestNG.java:1274)
at org.testng.TestNG.runSuitesLocally(TestNG.java:1208)
at org.testng.TestNG.runSuites(TestNG.java:1112)
at org.testng.TestNG.run(TestNG.java:1079)
at org.testng.remote.AbstractRemoteTestNG.run(AbstractRemoteTestNG.java:115)
at org.testng.remote.RemoteTestNG.initAndRun(RemoteTestNG.java:293)
at org.testng.remote.RemoteTestNG.main(RemoteTestNG.java:91)
]]>
            </full-stacktrace>
          </exception> <!-- java.lang.IndexOutOfBoundsException -->
          <reporter-output>
          </reporter-output>
        </test-method> <!-- verifyCardUIUX -->
        <test-method is-config="true" signature="setupPages()[pri:0, instance:tests.UIandUXTest@46944ca9]" started-at="2025-12-23T19:45:03 IST" name="setupPages" finished-at="2025-12-23T19:45:03 IST" duration-ms="0" status="PASS">
          <reporter-output>
          </reporter-output>
        </test-method> <!-- setupPages -->
        <test-method is-config="true" signature="closebrowser()[pri:0, instance:tests.UIandUXTest@46944ca9]" started-at="2025-12-23T19:45:03 IST" name="closebrowser" finished-at="2025-12-23T19:45:04 IST" duration-ms="256" status="PASS">
          <reporter-output>
          </reporter-output>
        </test-method> <!-- closebrowser -->
      </class> <!-- tests.UIandUXTest -->
    </test> <!-- Test -->
  </suite> <!-- Suite -->
</testng-results>
