<?xml version="1.0" encoding="UTF-8"?>
<!-- Generated by org.testng.reporters.JUnitXMLReporter -->
<testsuite ignored="0" hostname="Bhoomzz" failures="0" tests="5" name="Default test" time="40.327" errors="0" timestamp="2025-12-23T19:31:18 IST">
  <testcase classname="tests.LoginTest" name="loginWvalidcredential" time="3.949"/>
  <testcase classname="tests.LoginTest" name="incrtpassword" time="3.853"/>
  <testcase classname="tests.LoginTest" name="emtyfield" time="3.821"/>
  <testcase classname="tests.LoginTest" name="invalidemailformat" time="4.13"/>
  <testcase classname="tests.LoginTest" name="maskinput" time="4.164"/>
</testsuite> <!-- Default test -->
